c:\users\evangelion\onedrive\dev\modern-opengl\flappy-bird\x64\debug\vc143.pdb
c:\users\evangelion\onedrive\dev\modern-opengl\flappy-bird\x64\debug\vc143.idb
c:\users\evangelion\onedrive\dev\modern-opengl\flappy-bird\x64\debug\window.obj
c:\users\evangelion\onedrive\dev\modern-opengl\flappy-bird\x64\debug\texture.obj
c:\users\evangelion\onedrive\dev\modern-opengl\flappy-bird\x64\debug\main.obj
c:\users\evangelion\onedrive\dev\modern-opengl\flappy-bird\x64\debug\keylistener.obj
c:\users\evangelion\onedrive\dev\modern-opengl\flappy-bird\x64\debug\icon.obj
c:\users\evangelion\onedrive\dev\modern-opengl\flappy-bird\x64\debug\stb_image.obj
c:\users\evangelion\onedrive\dev\modern-opengl\flappy-bird\x64\debug\vertexbuffer.obj
c:\users\evangelion\onedrive\dev\modern-opengl\flappy-bird\x64\debug\vertexarray.obj
c:\users\evangelion\onedrive\dev\modern-opengl\flappy-bird\x64\debug\shader.obj
c:\users\evangelion\onedrive\dev\modern-opengl\flappy-bird\x64\debug\renderer.obj
c:\users\evangelion\onedrive\dev\modern-opengl\flappy-bird\x64\debug\indexbuffer.obj
c:\users\evangelion\onedrive\dev\modern-opengl\flappy-bird\x64\debug\engine.exe
c:\users\evangelion\onedrive\dev\modern-opengl\flappy-bird\x64\debug\engine.ilk
c:\users\evangelion\onedrive\dev\modern-opengl\flappy-bird\x64\debug\engine.pdb
c:\users\evangelion\onedrive\dev\modern-opengl\flappy-bird\x64\debug\bg.obj
c:\users\evangelion\onedrive\dev\modern-opengl\flappy-bird\x64\debug\bird.obj
c:\users\evangelion\onedrive\dev\modern-opengl\flappy-bird\x64\debug\level.obj
c:\users\evangelion\onedrive\dev\modern-opengl\flappy-bird\x64\debug\model.obj
c:\users\evangelion\onedrive\dev\modern-opengl\flappy-bird\x64\debug\scene.obj
c:\users\evangelion\onedrive\dev\modern-opengl\flappy-bird\x64\debug\engine.tlog\cl.command.1.tlog
c:\users\evangelion\onedrive\dev\modern-opengl\flappy-bird\x64\debug\engine.tlog\cl.read.1.tlog
c:\users\evangelion\onedrive\dev\modern-opengl\flappy-bird\x64\debug\engine.tlog\cl.write.1.tlog
c:\users\evangelion\onedrive\dev\modern-opengl\flappy-bird\x64\debug\engine.tlog\link.command.1.tlog
c:\users\evangelion\onedrive\dev\modern-opengl\flappy-bird\x64\debug\engine.tlog\link.read.1.tlog
c:\users\evangelion\onedrive\dev\modern-opengl\flappy-bird\x64\debug\engine.tlog\link.write.1.tlog
