c:\users\evangelion\onedrive\dev\modern-opengl\batch-rendering\x64\debug\vc143.pdb
c:\users\evangelion\onedrive\dev\modern-opengl\batch-rendering\x64\debug\vc143.idb
c:\users\evangelion\onedrive\dev\modern-opengl\batch-rendering\x64\debug\texture.obj
c:\users\evangelion\onedrive\dev\modern-opengl\batch-rendering\x64\debug\main.obj
c:\users\evangelion\onedrive\dev\modern-opengl\batch-rendering\x64\debug\mouselistener.obj
c:\users\evangelion\onedrive\dev\modern-opengl\batch-rendering\x64\debug\mesh.obj
c:\users\evangelion\onedrive\dev\modern-opengl\batch-rendering\x64\debug\keylistener.obj
c:\users\evangelion\onedrive\dev\modern-opengl\batch-rendering\x64\debug\icon.obj
c:\users\evangelion\onedrive\dev\modern-opengl\batch-rendering\x64\debug\stb_image.obj
c:\users\evangelion\onedrive\dev\modern-opengl\batch-rendering\x64\debug\imgui_widgets.obj
c:\users\evangelion\onedrive\dev\modern-opengl\batch-rendering\x64\debug\imgui_tables.obj
c:\users\evangelion\onedrive\dev\modern-opengl\batch-rendering\x64\debug\imgui_impl_opengl3.obj
c:\users\evangelion\onedrive\dev\modern-opengl\batch-rendering\x64\debug\imgui_impl_glfw.obj
c:\users\evangelion\onedrive\dev\modern-opengl\batch-rendering\x64\debug\imgui_draw.obj
c:\users\evangelion\onedrive\dev\modern-opengl\batch-rendering\x64\debug\imgui_demo.obj
c:\users\evangelion\onedrive\dev\modern-opengl\batch-rendering\x64\debug\imgui.obj
c:\users\evangelion\onedrive\dev\modern-opengl\batch-rendering\x64\debug\vertexbuffer.obj
c:\users\evangelion\onedrive\dev\modern-opengl\batch-rendering\x64\debug\vertexarray.obj
c:\users\evangelion\onedrive\dev\modern-opengl\batch-rendering\x64\debug\shader.obj
c:\users\evangelion\onedrive\dev\modern-opengl\batch-rendering\x64\debug\renderer.obj
c:\users\evangelion\onedrive\dev\modern-opengl\batch-rendering\x64\debug\camera.obj
c:\users\evangelion\onedrive\dev\modern-opengl\batch-rendering\x64\debug\indexbuffer.obj
c:\users\evangelion\onedrive\dev\modern-opengl\batch-rendering\x64\debug\window.obj
c:\users\evangelion\onedrive\dev\modern-opengl\batch-rendering\x64\debug\bg.obj
c:\users\evangelion\onedrive\dev\modern-opengl\batch-rendering\x64\debug\level.obj
c:\users\evangelion\onedrive\dev\modern-opengl\batch-rendering\x64\debug\mario.obj
c:\users\evangelion\onedrive\dev\modern-opengl\batch-rendering\x64\debug\newcamera.obj
c:\users\evangelion\onedrive\dev\modern-opengl\batch-rendering\x64\debug\pipe.obj
c:\users\evangelion\onedrive\dev\modern-opengl\batch-rendering\x64\debug\render2d.obj
c:\users\evangelion\onedrive\dev\modern-opengl\batch-rendering\x64\debug\scene.obj
c:\users\evangelion\onedrive\dev\modern-opengl\batch-rendering\x64\debug\sceneeditor.obj
c:\users\evangelion\onedrive\dev\modern-opengl\batch-rendering\x64\debug\time.obj
c:\users\evangelion\onedrive\dev\modern-opengl\batch-rendering\x64\debug\engine.ilk
c:\users\evangelion\onedrive\dev\modern-opengl\batch-rendering\x64\debug\engine.pdb
c:\users\evangelion\onedrive\dev\modern-opengl\batch-rendering\x64\debug\yottaengine.pdb
c:\users\evangelion\onedrive\dev\modern-opengl\batch-rendering\x64\debug\yottaengine.tlog\cl.command.1.tlog
c:\users\evangelion\onedrive\dev\modern-opengl\batch-rendering\x64\debug\yottaengine.tlog\cl.read.1.tlog
c:\users\evangelion\onedrive\dev\modern-opengl\batch-rendering\x64\debug\yottaengine.tlog\cl.write.1.tlog
c:\users\evangelion\onedrive\dev\modern-opengl\batch-rendering\x64\debug\yottaengine.tlog\link-cvtres.read.1.tlog
c:\users\evangelion\onedrive\dev\modern-opengl\batch-rendering\x64\debug\yottaengine.tlog\link-cvtres.write.1.tlog
c:\users\evangelion\onedrive\dev\modern-opengl\batch-rendering\x64\debug\yottaengine.tlog\link-rc.read.1.tlog
c:\users\evangelion\onedrive\dev\modern-opengl\batch-rendering\x64\debug\yottaengine.tlog\link-rc.write.1.tlog
c:\users\evangelion\onedrive\dev\modern-opengl\batch-rendering\x64\debug\yottaengine.tlog\link.1168-cvtres.read.1.tlog
c:\users\evangelion\onedrive\dev\modern-opengl\batch-rendering\x64\debug\yottaengine.tlog\link.1168-cvtres.write.1.tlog
c:\users\evangelion\onedrive\dev\modern-opengl\batch-rendering\x64\debug\yottaengine.tlog\link.1168-rc.read.1.tlog
c:\users\evangelion\onedrive\dev\modern-opengl\batch-rendering\x64\debug\yottaengine.tlog\link.1168-rc.write.1.tlog
c:\users\evangelion\onedrive\dev\modern-opengl\batch-rendering\x64\debug\yottaengine.tlog\link.1168.read.1.tlog
c:\users\evangelion\onedrive\dev\modern-opengl\batch-rendering\x64\debug\yottaengine.tlog\link.1168.read.2.tlog
c:\users\evangelion\onedrive\dev\modern-opengl\batch-rendering\x64\debug\yottaengine.tlog\link.1168.write.1.tlog
c:\users\evangelion\onedrive\dev\modern-opengl\batch-rendering\x64\debug\yottaengine.tlog\link.command.1.tlog
c:\users\evangelion\onedrive\dev\modern-opengl\batch-rendering\x64\debug\yottaengine.tlog\link.read.1.tlog
c:\users\evangelion\onedrive\dev\modern-opengl\batch-rendering\x64\debug\yottaengine.tlog\link.read.2.tlog
c:\users\evangelion\onedrive\dev\modern-opengl\batch-rendering\x64\debug\yottaengine.tlog\link.write.1.tlog
